#
# A fatal error has been detected by the Java Runtime Environment:
#
#  SIGSEGV (0xb) at pc=0x0000000126b4a511, pid=14573, tid=1811
#
# JRE version: Java(TM) SE Runtime Environment (8.0_45-b14) (build 1.8.0_45-b14)
# Java VM: Java HotSpot(TM) 64-Bit Server VM (25.45-b02 mixed mode bsd-amd64 compressed oops)
# Problematic frame:
# C  [libglass.dylib+0x15511]  GlassScreenDidChangeScreenParameters+0x21
#
# Failed to write core dump. Core dumps have been disabled. To enable core dumping, try "ulimit -c unlimited" before starting Java again
#
# If you would like to submit a bug report, please visit:
#   http://bugreport.java.com/bugreport/crash.jsp
#

---------------  T H R E A D  ---------------

Current thread is native thread

siginfo: si_signo: 11 (SIGSEGV), si_code: 1 (SEGV_MAPERR), si_addr: 0x0000000000000000

Registers:
RAX=0x0000000126b7cac8, RBX=0x0000000000000000, RCX=0x0500dbe18b2df875, RDX=0x00007fff78fcd1f8
RSP=0x00007fff517be780, RBP=0x00007fff517be790, RSI=0x00007f9a7b600e68, RDI=0x0000000000000000
R8 =0x00007fff517be630, R9 =0x00007fff7957e300, R10=0x0000000000000000, R11=0x0000000000000246
R12=0x00007f9a7b506c20, R13=0x00000000000f426a, R14=0x00007f9a7b454360, R15=0x00007fff517be8d0
RIP=0x0000000126b4a511, EFLAGS=0x0000000000010246, ERR=0x0000000000000004
  TRAPNO=0x000000000000000e

Top of Stack: (sp=0x00007fff517be780)
0x00007fff517be780:   00007fff517be960 00007f9a7b454360
0x00007fff517be790:   00007fff517be7a0 00007fff96f4745c
0x00007fff517be7a0:   00007fff517beb00 00007fff96e37634
0x00007fff517be7b0:   0000000000000000 0000000000000000
0x00007fff517be7c0:   0000000000000043 0000000000000000
0x00007fff517be7d0:   00000000000f42c2 0000000000000cc0
0x00007fff517be7e0:   0000000000000001 00007f9a7b7bae50
0x00007fff517be7f0:   0000000000000000 00007fff517be8d0
0x00007fff517be800:   0000000000000000 00007f9a7b47fb60
0x00007fff517be810:   00007fff517be950 0000000000000088
0x00007fff517be820:   00000000000f43c7 00007f9a8003e130
0x00007fff517be830:   00007f9a7b7519b0 00007f9a7b506c20
0x00007fff517be840:   0000000000000002 00000000000f426a
0x00007fff517be850:   00007f9a7b506c10 000000010e459000
0x00007fff517be860:   0000000000000000 00007fff7819a8c8
0x00007fff517be870:   0000000000000000 00007fff8b6af2e9
0x00007fff517be880:   00007fff517be920 00007fff93110483
0x00007fff517be890:   00007fff517be904 000000000057ee01
0x00007fff517be8a0:   00000000ffffffff 000000000000000b
0x00007fff517be8b0:   0006ff037b506c44 00007f9a7b506c44
0x00007fff517be8c0:   0000000000000000 00007fff7819a8e4
0x00007fff517be8d0:   00007f9a7b454360 00007f9a7b7bae50
0x00007fff517be8e0:   00007fff7819a8e4 00007fff7819a8e8
0x00007fff517be8f0:   00007fff7819a8e0 00007fff78054450
0x00007fff517be900:   00007fff8ad17980 00007fff78126320
0x00007fff517be910:   0000000000000000 00007fff8b6af2e9
0x00007fff517be920:   00007fff517be970 00007fff8bad292f
0x00007fff517be930:   00007fff517bea20 00007fff8aa11770
0x00007fff517be940:   00000000ffffdafd 00007f9a7b7b5da0
0x00007fff517be950:   0000000000000017 0000000000000000
0x00007fff517be960:   00000000000f426a 0000000000000044
0x00007fff517be970:   0000000000000000 00000000000f42c3 

Instructions: (pc=0x0000000126b4a511)
0x0000000126b4a4f1:   48 89 e5 41 56 53 48 8d 05 c2 26 03 00 48 83 38
0x0000000126b4a501:   00 48 89 fb 75 72 48 8d 05 ba 25 03 00 48 8b 30
0x0000000126b4a511:   48 8b 03 48 8d 15 6c 9a 01 00 48 8d 0d 86 6f 01
0x0000000126b4a521:   00 48 89 df ff 90 88 03 00 00 48 8d 0d 8e 26 03 

Register to memory mapping:

RAX=0x0000000126b7cac8: jScreenClass+0 in /Library/Java/JavaVirtualMachines/jdk1.8.0_45.jdk/Contents/Home/jre/lib/libglass.dylib at 0x0000000126b35000
RBX=0x0000000000000000 is an unknown value
RCX=0x0500dbe18b2df875 is an unknown value
RDX=0x00007fff78fcd1f8: __sFX+0x1c8 in /usr/lib/system/libsystem_c.dylib at 0x00007fff90b59000
RSP=0x00007fff517be780 is an unknown value
RBP=0x00007fff517be790 is an unknown value
RSI=0x00007f9a7b600e68 is a global jni handle
RDI=0x0000000000000000 is an unknown value
R8 =0x00007fff517be630 is an unknown value
R9 =0x00007fff7957e300: _thread+0 in /usr/lib/system/libsystem_pthread.dylib at 0x00007fff9310e000
R10=0x0000000000000000 is an unknown value
R11=0x0000000000000246 is an unknown value
R12=0x00007f9a7b506c20 is an unknown value
R13=0x00000000000f426a is an unknown value
R14=0x00007f9a7b454360 is an unknown value
R15=0x00007fff517be8d0 is an unknown value


Stack: [0x00007fff50fc2000,0x00007fff517c2000],  sp=0x00007fff517be780,  free space=8177k
Native frames: (J=compiled Java code, j=interpreted, Vv=VM code, C=native code)
C  [libglass.dylib+0x15511]  GlassScreenDidChangeScreenParameters+0x21
C  [CoreFoundation+0x12045c]  __CFNOTIFICATIONCENTER_IS_CALLING_OUT_TO_AN_OBSERVER__+0xc
C  [CoreFoundation+0x10634]  _CFXNotificationPost+0xc44
C  [Foundation+0x7aa1]  -[NSNotificationCenter postNotificationName:object:userInfo:]+0x42
C  [AppKit+0x40de7e]  -[NSApplication _reactToScreenInvalidationImmediately:]+0x17b
C  [AppKit+0x40dcc7]  __44-[NSApplication _reactToScreenInvalidation:]_block_invoke+0x4b
C  [CoreFoundation+0x808ec]  __CFRUNLOOP_IS_CALLING_OUT_TO_A_BLOCK__+0xc
C  [CoreFoundation+0x729f5]  __CFRunLoopDoBlocks+0x155
C  [CoreFoundation+0x72536]  __CFRunLoopRun+0x716
C  [CoreFoundation+0x71bd8]  CFRunLoopRunSpecific+0x128
C  [java+0x6490]  CreateExecutionEnvironment+0x367
C  [java+0x221c]  JLI_Launch+0x7a0
C  [java+0x84ed]  main+0x65
C  [java+0x1a74]  start+0x34


---------------  P R O C E S S  ---------------

VM state:not at safepoint (normal execution)

VM Mutex/Monitor currently owned by a thread: None

Heap:
 PSYoungGen      total 48128K, used 27881K [0x00000007aab00000, 0x00000007b8180000, 0x00000007c0000000)
  eden space 46080K, 56% used [0x00000007aab00000,0x00000007ac440760,0x00000007ad800000)
  from space 2048K, 98% used [0x00000007b7f80000,0x00000007b8179d20,0x00000007b8180000)
  to   space 3584K, 0% used [0x00000007b7a80000,0x00000007b7a80000,0x00000007b7e00000)
 ParOldGen       total 39424K, used 20587K [0x0000000780000000, 0x0000000782680000, 0x00000007aab00000)
  object space 39424K, 52% used [0x0000000780000000,0x000000078141ae88,0x0000000782680000)
 Metaspace       used 25754K, capacity 27308K, committed 27648K, reserved 1073152K
  class space    used 3439K, capacity 3719K, committed 3840K, reserved 1048576K

Card table byte_map: [0x000000011f1f5000,0x000000011f3f6000] byte_map_base: 0x000000011b5f5000

Marking Bits: (ParMarkBitMap*) 0x000000010edff7a0
 Begin Bits: [0x000000011f958000, 0x0000000120958000)
 End Bits:   [0x0000000120958000, 0x0000000121958000)

Polling page: 0x000000010f5ce000

CodeCache: size=245760Kb used=11783Kb max_used=11809Kb free=233976Kb
 bounds [0x000000010fe35000, 0x00000001109d5000, 0x000000011ee35000]
 total_blobs=4357 nmethods=3577 adapters=693
 compilation: enabled

Compilation events (10 events):
Event: 1832.818 Thread 0x00007f9a7c818000 4143       4       javax.crypto.Cipher::doFinal (58 bytes)
Event: 1832.829 Thread 0x00007f9a7c818000 nmethod 4143 0x00000001109a04d0 code [0x00000001109a0640, 0x00000001109a08e8]
Event: 1852.049 Thread 0x00007f9a7c807000 4144       1       java.nio.charset.CharsetDecoder::implReplaceWith (1 bytes)
Event: 1852.049 Thread 0x00007f9a7c807000 nmethod 4144 0x000000010ff3f950 code [0x000000010ff3faa0, 0x000000010ff3fbb0]
Event: 6257.113 Thread 0x00007f9a7c807000 4145 %s!   3       sun.java2d.opengl.OGLRenderQueue$QueueFlusher::run @ 2 (234 bytes)
Event: 6257.158 Thread 0x00007f9a7c807000 nmethod 4145% 0x00000001109c3f90 code [0x00000001109c4340, 0x00000001109c6a08]
Event: 6368.003 Thread 0x00007f9a7c807000 4146  s!   3       sun.java2d.opengl.OGLRenderQueue$QueueFlusher::run (234 bytes)
Event: 6368.008 Thread 0x00007f9a7c807000 nmethod 4146 0x00000001102f7f10 code [0x00000001102f82c0, 0x00000001102fa888]
Event: 10692.662 Thread 0x00007f9a7c818000 4147 %s!   4       sun.java2d.opengl.OGLRenderQueue$QueueFlusher::run @ 2 (234 bytes)
Event: 10692.678 Thread 0x00007f9a7c818000 nmethod 4147% 0x00000001109c1610 code [0x00000001109c17c0, 0x00000001109c1cd8]

GC Heap History (10 events):
Event: 1802.141 GC heap before
{Heap before GC invocations=75 (full 1):
 PSYoungGen      total 54784K, used 54133K [0x00000007aab00000, 0x00000007b8980000, 0x00000007c0000000)
  eden space 52736K, 99% used [0x00000007aab00000,0x00000007ade1a4b8,0x00000007ade80000)
  from space 2048K, 88% used [0x00000007b8380000,0x00000007b85431f8,0x00000007b8580000)
  to   space 4096K, 0% used [0x00000007b8580000,0x00000007b8580000,0x00000007b8980000)
 ParOldGen       total 39424K, used 20227K [0x0000000780000000, 0x0000000782680000, 0x00000007aab00000)
  object space 39424K, 51% used [0x0000000780000000,0x00000007813c0e88,0x0000000782680000)
 Metaspace       used 25750K, capacity 27308K, committed 27648K, reserved 1073152K
  class space    used 3439K, capacity 3719K, committed 3840K, reserved 1048576K
Event: 1802.158 GC heap after
Heap after GC invocations=75 (full 1):
 PSYoungGen      total 53248K, used 1960K [0x00000007aab00000, 0x00000007b8780000, 0x00000007c0000000)
  eden space 51200K, 0% used [0x00000007aab00000,0x00000007aab00000,0x00000007add00000)
  from space 2048K, 95% used [0x00000007b8580000,0x00000007b876a238,0x00000007b8780000)
  to   space 3584K, 0% used [0x00000007b8080000,0x00000007b8080000,0x00000007b8400000)
 ParOldGen       total 39424K, used 20291K [0x0000000780000000, 0x0000000782680000, 0x00000007aab00000)
  object space 39424K, 51% used [0x0000000780000000,0x00000007813d0e88,0x0000000782680000)
 Metaspace       used 25750K, capacity 27308K, committed 27648K, reserved 1073152K
  class space    used 3439K, capacity 3719K, committed 3840K, reserved 1048576K
}
Event: 1813.523 GC heap before
{Heap before GC invocations=76 (full 1):
 PSYoungGen      total 53248K, used 53160K [0x00000007aab00000, 0x00000007b8780000, 0x00000007c0000000)
  eden space 51200K, 100% used [0x00000007aab00000,0x00000007add00000,0x00000007add00000)
  from space 2048K, 95% used [0x00000007b8580000,0x00000007b876a238,0x00000007b8780000)
  to   space 3584K, 0% used [0x00000007b8080000,0x00000007b8080000,0x00000007b8400000)
 ParOldGen       total 39424K, used 20291K [0x0000000780000000, 0x0000000782680000, 0x00000007aab00000)
  object space 39424K, 51% used [0x0000000780000000,0x00000007813d0e88,0x0000000782680000)
 Metaspace       used 25750K, capacity 27308K, committed 27648K, reserved 1073152K
  class space    used 3439K, capacity 3719K, committed 3840K, reserved 1048576K
Event: 1813.528 GC heap after
Heap after GC invocations=76 (full 1):
 PSYoungGen      total 51200K, used 1483K [0x00000007aab00000, 0x00000007b8600000, 0x00000007c0000000)
  eden space 49664K, 0% used [0x00000007aab00000,0x00000007aab00000,0x00000007adb80000)
  from space 1536K, 96% used [0x00000007b8080000,0x00000007b81f2e58,0x00000007b8200000)
  to   space 3584K, 0% used [0x00000007b8280000,0x00000007b8280000,0x00000007b8600000)
 ParOldGen       total 39424K, used 20363K [0x0000000780000000, 0x0000000782680000, 0x00000007aab00000)
  object space 39424K, 51% used [0x0000000780000000,0x00000007813e2e88,0x0000000782680000)
 Metaspace       used 25750K, capacity 27308K, committed 27648K, reserved 1073152K
  class space    used 3439K, capacity 3719K, committed 3840K, reserved 1048576K
}
Event: 1827.819 GC heap before
{Heap before GC invocations=77 (full 1):
 PSYoungGen      total 51200K, used 51147K [0x00000007aab00000, 0x00000007b8600000, 0x00000007c0000000)
  eden space 49664K, 100% used [0x00000007aab00000,0x00000007adb80000,0x00000007adb80000)
  from space 1536K, 96% used [0x00000007b8080000,0x00000007b81f2e58,0x00000007b8200000)
  to   space 3584K, 0% used [0x00000007b8280000,0x00000007b8280000,0x00000007b8600000)
 ParOldGen       total 39424K, used 20363K [0x0000000780000000, 0x0000000782680000, 0x00000007aab00000)
  object space 39424K, 51% used [0x0000000780000000,0x00000007813e2e88,0x0000000782680000)
 Metaspace       used 25750K, capacity 27308K, committed 27648K, reserved 1073152K
  class space    used 3439K, capacity 3719K, committed 3840K, reserved 1048576K
Event: 1827.823 GC heap after
Heap after GC invocations=77 (full 1):
 PSYoungGen      total 49664K, used 1419K [0x00000007aab00000, 0x00000007b8400000, 0x00000007c0000000)
  eden space 48128K, 0% used [0x00000007aab00000,0x00000007aab00000,0x00000007ada00000)
  from space 1536K, 92% used [0x00000007b8280000,0x00000007b83e2c18,0x00000007b8400000)
  to   space 3584K, 0% used [0x00000007b7d00000,0x00000007b7d00000,0x00000007b8080000)
 ParOldGen       total 39424K, used 20443K [0x0000000780000000, 0x0000000782680000, 0x00000007aab00000)
  object space 39424K, 51% used [0x0000000780000000,0x00000007813f6e88,0x0000000782680000)
 Metaspace       used 25750K, capacity 27308K, committed 27648K, reserved 1073152K
  class space    used 3439K, capacity 3719K, committed 3840K, reserved 1048576K
}
Event: 1839.266 GC heap before
{Heap before GC invocations=78 (full 1):
 PSYoungGen      total 49664K, used 49547K [0x00000007aab00000, 0x00000007b8400000, 0x00000007c0000000)
  eden space 48128K, 100% used [0x00000007aab00000,0x00000007ada00000,0x00000007ada00000)
  from space 1536K, 92% used [0x00000007b8280000,0x00000007b83e2c18,0x00000007b8400000)
  to   space 3584K, 0% used [0x00000007b7d00000,0x00000007b7d00000,0x00000007b8080000)
 ParOldGen       total 39424K, used 20443K [0x0000000780000000, 0x0000000782680000, 0x00000007aab00000)
  object space 39424K, 51% used [0x0000000780000000,0x00000007813f6e88,0x0000000782680000)
 Metaspace       used 25750K, capacity 27308K, committed 27648K, reserved 1073152K
  class space    used 3439K, capacity 3719K, committed 3840K, reserved 1048576K
Event: 1839.271 GC heap after
Heap after GC invocations=78 (full 1):
 PSYoungGen      total 49152K, used 1908K [0x00000007aab00000, 0x00000007b8300000, 0x00000007c0000000)
  eden space 47104K, 0% used [0x00000007aab00000,0x00000007aab00000,0x00000007ad900000)
  from space 2048K, 93% used [0x00000007b7d00000,0x00000007b7edd0c8,0x00000007b7f00000)
  to   space 3584K, 0% used [0x00000007b7f80000,0x00000007b7f80000,0x00000007b8300000)
 ParOldGen       total 39424K, used 20523K [0x0000000780000000, 0x0000000782680000, 0x00000007aab00000)
  object space 39424K, 52% used [0x0000000780000000,0x000000078140ae88,0x0000000782680000)
 Metaspace       used 25750K, capacity 27308K, committed 27648K, reserved 1073152K
  class space    used 3439K, capacity 3719K, committed 3840K, reserved 1048576K
}
Event: 1849.941 GC heap before
{Heap before GC invocations=79 (full 1):
 PSYoungGen      total 49152K, used 48735K [0x00000007aab00000, 0x00000007b8300000, 0x00000007c0000000)
  eden space 47104K, 99% used [0x00000007aab00000,0x00000007ad8bada0,0x00000007ad900000)
  from space 2048K, 93% used [0x00000007b7d00000,0x00000007b7edd0c8,0x00000007b7f00000)
  to   space 3584K, 0% used [0x00000007b7f80000,0x00000007b7f80000,0x00000007b8300000)
 ParOldGen       total 39424K, used 20523K [0x0000000780000000, 0x0000000782680000, 0x00000007aab00000)
  object space 39424K, 52% used [0x0000000780000000,0x000000078140ae88,0x0000000782680000)
 Metaspace       used 25750K, capacity 27308K, committed 27648K, reserved 1073152K
  class space    used 3439K, capacity 3719K, committed 3840K, reserved 1048576K
Event: 1849.946 GC heap after
Heap after GC invocations=79 (full 1):
 PSYoungGen      total 48128K, used 2023K [0x00000007aab00000, 0x00000007b8180000, 0x00000007c0000000)
  eden space 46080K, 0% used [0x00000007aab00000,0x00000007aab00000,0x00000007ad800000)
  from space 2048K, 98% used [0x00000007b7f80000,0x00000007b8179d20,0x00000007b8180000)
  to   space 3584K, 0% used [0x00000007b7a80000,0x00000007b7a80000,0x00000007b7e00000)
 ParOldGen       total 39424K, used 20587K [0x0000000780000000, 0x0000000782680000, 0x00000007aab00000)
  object space 39424K, 52% used [0x0000000780000000,0x000000078141ae88,0x0000000782680000)
 Metaspace       used 25750K, capacity 27308K, committed 27648K, reserved 1073152K
  class space    used 3439K, capacity 3719K, committed 3840K, reserved 1048576K
}

Deoptimization events (10 events):
Event: 20.144 Thread 0x00007f9a7c3e1000 Uncommon trap: reason=class_check action=maybe_recompile pc=0x00000001102a77dc method=java.io.DataInputStream.readChar()C @ 4
Event: 20.144 Thread 0x00007f9a7c3e1000 Uncommon trap: reason=class_check action=maybe_recompile pc=0x00000001102a77dc method=java.io.DataInputStream.readChar()C @ 4
Event: 20.144 Thread 0x00007f9a7c3e1000 Uncommon trap: reason=class_check action=maybe_recompile pc=0x00000001102a77dc method=java.io.DataInputStream.readChar()C @ 4
Event: 20.153 Thread 0x00007f9a7c3e1000 Uncommon trap: reason=bimorphic action=maybe_recompile pc=0x000000011081ac64 method=java.io.DataInputStream.readChar()C @ 4
Event: 20.153 Thread 0x00007f9a7c3e1000 Uncommon trap: reason=bimorphic action=maybe_recompile pc=0x000000011081ac64 method=java.io.DataInputStream.readChar()C @ 4
Event: 20.153 Thread 0x00007f9a7c3e1000 Uncommon trap: reason=bimorphic action=maybe_recompile pc=0x000000011081ac64 method=java.io.DataInputStream.readChar()C @ 4
Event: 20.153 Thread 0x00007f9a7c3e1000 Uncommon trap: reason=bimorphic action=maybe_recompile pc=0x000000011081ac64 method=java.io.DataInputStream.readChar()C @ 4
Event: 21.875 Thread 0x00007f9a7c3e1000 Uncommon trap: reason=unstable_if action=reinterpret pc=0x0000000110093f88 method=sun.nio.cs.UTF_8$Decoder.decodeArrayLoop(Ljava/nio/ByteBuffer;Ljava/nio/CharBuffer;)Ljava/nio/charset/CoderResult; @ 84
Event: 21.906 Thread 0x00007f9a7c3e1000 Uncommon trap: reason=unstable_if action=reinterpret pc=0x0000000110266ac4 method=sun.nio.cs.UTF_8$Decoder.decodeArrayLoop(Ljava/nio/ByteBuffer;Ljava/nio/CharBuffer;)Ljava/nio/charset/CoderResult; @ 84
Event: 31.789 Thread 0x00007f9a7c0c9000 Uncommon trap: reason=unstable_if action=reinterpret pc=0x000000011000af3c method=java.util.Arrays.equals([B[B)Z @ 2

Internal exceptions (10 events):
Event: 1.387 Thread 0x00007f9a7c0c9000 Exception <a 'java/lang/ArrayIndexOutOfBoundsException'> (0x00000007aae05780) thrown at [/Users/java_re/workspace/8-2-build-macosx-x86_64/jdk8u45/3457/hotspot/src/share/vm/runtime/sharedRuntime.cpp, line 605]
Event: 1.388 Thread 0x00007f9a7c0c9000 Exception <a 'java/lang/ArrayIndexOutOfBoundsException'> (0x00000007aae06a78) thrown at [/Users/java_re/workspace/8-2-build-macosx-x86_64/jdk8u45/3457/hotspot/src/share/vm/runtime/sharedRuntime.cpp, line 605]
Event: 1.411 Thread 0x00007f9a7c0c9000 Exception <a 'java/lang/ArrayIndexOutOfBoundsException'> (0x00000007aae96a38) thrown at [/Users/java_re/workspace/8-2-build-macosx-x86_64/jdk8u45/3457/hotspot/src/share/vm/runtime/sharedRuntime.cpp, line 605]
Event: 1.554 Thread 0x00007f9a7c0c9000 Exception <a 'java/lang/ArrayIndexOutOfBoundsException': 79> (0x00000007ab2daee8) thrown at [/Users/java_re/workspace/8-2-build-macosx-x86_64/jdk8u45/3457/hotspot/src/share/vm/interpreter/interpreterRuntime.cpp, line 366]
Event: 1.554 Thread 0x00007f9a7c0c9000 Exception <a 'java/lang/ArrayIndexOutOfBoundsException': 52> (0x00000007ab2dbca8) thrown at [/Users/java_re/workspace/8-2-build-macosx-x86_64/jdk8u45/3457/hotspot/src/share/vm/interpreter/interpreterRuntime.cpp, line 366]
Event: 1.555 Thread 0x00007f9a7c0c9000 Exception <a 'java/lang/ArrayIndexOutOfBoundsException': 114> (0x00000007ab2dd468) thrown at [/Users/java_re/workspace/8-2-build-macosx-x86_64/jdk8u45/3457/hotspot/src/share/vm/interpreter/interpreterRuntime.cpp, line 366]
Event: 1.628 Thread 0x00007f9a7c0c9000 Exception <a 'java/io/FileNotFoundException'> (0x00000007ab4365c8) thrown at [/Users/java_re/workspace/8-2-build-macosx-x86_64/jdk8u45/3457/hotspot/src/share/vm/prims/jni.cpp, line 709]
Event: 1.628 Thread 0x00007f9a7c0c9000 Exception <a 'java/io/FileNotFoundException'> (0x00000007ab4372a0) thrown at [/Users/java_re/workspace/8-2-build-macosx-x86_64/jdk8u45/3457/hotspot/src/share/vm/prims/jni.cpp, line 709]
Event: 1.769 Thread 0x00007f9a7c0c9000 Implicit null exception at 0x00000001100fa2b5 to 0x00000001100fa4e1
Event: 19.976 Thread 0x00007f9a7c3e1000 Implicit null exception at 0x0000000110212d5b to 0x0000000110213169

Events (10 events):
Event: 1851.216 Thread 0x00007f9a80a1a000 Thread added: 0x00007f9a80a1a000
Event: 1852.052 Thread 0x00007f9a7c807000 flushing nmethod 0x00000001102f31d0
Event: 1856.226 Executing VM operation: RevokeBias
Event: 1856.226 Executing VM operation: RevokeBias done
Event: 1856.226 Executing VM operation: RevokeBias
Event: 1856.226 Executing VM operation: RevokeBias done
Event: 1856.226 Thread 0x00007f9a80a1a000 Thread exited: 0x00007f9a80a1a000
Event: 6257.172 Thread 0x00007f9a7c807000 flushing nmethod 0x0000000110350510
Event: 11580.646 Thread 0x00007f9a7cbd4000 DEOPT PACKING pc=0x00000001109c6644 sp=0x000000012b378880
Event: 11580.646 Thread 0x00007f9a7cbd4000 DEOPT UNPACKING pc=0x000000010fe7c633 sp=0x000000012b378648 mode 0


Dynamic libraries:
0x00000000076a6000 	/System/Library/Frameworks/Cocoa.framework/Versions/A/Cocoa
0x00000000076a6000 	/System/Library/Frameworks/Security.framework/Versions/A/Security
0x00000000076a6000 	/System/Library/Frameworks/ApplicationServices.framework/Versions/A/ApplicationServices
0x00000000076a6000 	/usr/lib/libz.1.dylib
0x00000000076a6000 	/usr/lib/libSystem.B.dylib
0x00000000076a6000 	/usr/lib/libobjc.A.dylib
0x00000000076a6000 	/System/Library/Frameworks/CoreFoundation.framework/Versions/A/CoreFoundation
0x00000000076a6000 	/System/Library/Frameworks/Foundation.framework/Versions/C/Foundation
0x00000000076a6000 	/System/Library/Frameworks/AppKit.framework/Versions/C/AppKit
0x00000000076a6000 	/System/Library/Frameworks/CoreData.framework/Versions/A/CoreData
0x00000000076a6000 	/System/Library/PrivateFrameworks/RemoteViewServices.framework/Versions/A/RemoteViewServices
0x00000000076a6000 	/System/Library/PrivateFrameworks/UIFoundation.framework/Versions/A/UIFoundation
0x00000000076a6000 	/System/Library/Frameworks/IOSurface.framework/Versions/A/IOSurface
0x00000000076a6000 	/System/Library/Frameworks/AudioToolbox.framework/Versions/A/AudioToolbox
0x00000000076a6000 	/System/Library/Frameworks/AudioUnit.framework/Versions/A/AudioUnit
0x00000000076a6000 	/System/Library/PrivateFrameworks/DataDetectorsCore.framework/Versions/A/DataDetectorsCore
0x00000000076a6000 	/System/Library/PrivateFrameworks/DesktopServicesPriv.framework/Versions/A/DesktopServicesPriv
0x00000000076a6000 	/System/Library/Frameworks/Carbon.framework/Versions/A/Frameworks/HIToolbox.framework/Versions/A/HIToolbox
0x00000000076a6000 	/System/Library/Frameworks/QuartzCore.framework/Versions/A/QuartzCore
0x00000000076a6000 	/System/Library/Frameworks/Carbon.framework/Versions/A/Frameworks/SpeechRecognition.framework/Versions/A/SpeechRecognition
0x00000000076a6000 	/usr/lib/libauto.dylib
0x00000000076a6000 	/usr/lib/libicucore.A.dylib
0x00000000076a6000 	/usr/lib/libxml2.2.dylib
0x00000000076a6000 	/System/Library/PrivateFrameworks/CoreUI.framework/Versions/A/CoreUI
0x00000000076a6000 	/System/Library/Frameworks/CoreAudio.framework/Versions/A/CoreAudio
0x00000000076a6000 	/System/Library/Frameworks/DiskArbitration.framework/Versions/A/DiskArbitration
0x00000000076a6000 	/usr/lib/liblangid.dylib
0x00000000076a6000 	/System/Library/PrivateFrameworks/MultitouchSupport.framework/Versions/A/MultitouchSupport
0x00000000076a6000 	/System/Library/Frameworks/IOKit.framework/Versions/A/IOKit
0x00000000076a6000 	/usr/lib/libDiagnosticMessagesClient.dylib
0x00000000076a6000 	/System/Library/Frameworks/CoreServices.framework/Versions/A/CoreServices
0x00000000076a6000 	/System/Library/PrivateFrameworks/PerformanceAnalysis.framework/Versions/A/PerformanceAnalysis
0x00000000076a6000 	/System/Library/PrivateFrameworks/GenerationalStorage.framework/Versions/A/GenerationalStorage
0x00000000076a6000 	/System/Library/Frameworks/OpenGL.framework/Versions/A/OpenGL
0x00000000076a6000 	/System/Library/PrivateFrameworks/Sharing.framework/Versions/A/Sharing
0x00000000076a6000 	/System/Library/Frameworks/CoreGraphics.framework/Versions/A/CoreGraphics
0x00000000076a6000 	/System/Library/Frameworks/CoreText.framework/Versions/A/CoreText
0x00000000076a6000 	/System/Library/Frameworks/ImageIO.framework/Versions/A/ImageIO
0x00000000076a6000 	/usr/lib/libextension.dylib
0x00000000076a6000 	/System/Library/PrivateFrameworks/Backup.framework/Versions/A/Backup
0x00000000076a6000 	/usr/lib/libarchive.2.dylib
0x00000000076a6000 	/System/Library/Frameworks/CFNetwork.framework/Versions/A/CFNetwork
0x00000000076a6000 	/System/Library/Frameworks/SystemConfiguration.framework/Versions/A/SystemConfiguration
0x00000000076a6000 	/usr/lib/libCRFSuite.dylib
0x00000000076a6000 	/usr/lib/libc++.1.dylib
0x00000000076a6000 	/usr/lib/libc++abi.dylib
0x00000000076a6000 	/usr/lib/system/libcache.dylib
0x00000000076a6000 	/usr/lib/system/libcommonCrypto.dylib
0x00000000076a6000 	/usr/lib/system/libcompiler_rt.dylib
0x00000000076a6000 	/usr/lib/system/libcopyfile.dylib
0x00000000076a6000 	/usr/lib/system/libcorecrypto.dylib
0x00000000076a6000 	/usr/lib/system/libdispatch.dylib
0x00000000076a6000 	/usr/lib/system/libdyld.dylib
0x00000000076a6000 	/usr/lib/system/libkeymgr.dylib
0x00000000076a6000 	/usr/lib/system/liblaunch.dylib
0x00000000076a6000 	/usr/lib/system/libmacho.dylib
0x00000000076a6000 	/usr/lib/system/libquarantine.dylib
0x00000000076a6000 	/usr/lib/system/libremovefile.dylib
0x00000000076a6000 	/usr/lib/system/libsystem_asl.dylib
0x00000000076a6000 	/usr/lib/system/libsystem_blocks.dylib
0x00000000076a6000 	/usr/lib/system/libsystem_c.dylib
0x00000000076a6000 	/usr/lib/system/libsystem_configuration.dylib
0x00000000076a6000 	/usr/lib/system/libsystem_coreservices.dylib
0x00000000076a6000 	/usr/lib/system/libsystem_coretls.dylib
0x00000000076a6000 	/usr/lib/system/libsystem_dnssd.dylib
0x00000000076a6000 	/usr/lib/system/libsystem_info.dylib
0x00000000076a6000 	/usr/lib/system/libsystem_kernel.dylib
0x00000000076a6000 	/usr/lib/system/libsystem_m.dylib
0x00000000076a6000 	/usr/lib/system/libsystem_malloc.dylib
0x00000000076a6000 	/usr/lib/system/libsystem_network.dylib
0x00000000076a6000 	/usr/lib/system/libsystem_networkextension.dylib
0x00000000076a6000 	/usr/lib/system/libsystem_notify.dylib
0x00000000076a6000 	/usr/lib/system/libsystem_platform.dylib
0x00000000076a6000 	/usr/lib/system/libsystem_pthread.dylib
0x00000000076a6000 	/usr/lib/system/libsystem_sandbox.dylib
0x00000000076a6000 	/usr/lib/system/libsystem_secinit.dylib
0x00000000076a6000 	/usr/lib/system/libsystem_stats.dylib
0x00000000076a6000 	/usr/lib/system/libsystem_trace.dylib
0x00000000076a6000 	/usr/lib/system/libunc.dylib
0x00000000076a6000 	/usr/lib/system/libunwind.dylib
0x00000000076a6000 	/usr/lib/system/libxpc.dylib
0x00000000076a6000 	/usr/lib/libbz2.1.0.dylib
0x00000000076a6000 	/usr/lib/liblzma.5.dylib
0x00000000076a6000 	/usr/lib/libbsm.0.dylib
0x00000000076a6000 	/usr/lib/libsqlite3.dylib
0x00000000076a6000 	/usr/lib/system/libkxld.dylib
0x00000000076a6000 	/usr/lib/libxar.1.dylib
0x00000000076a6000 	/usr/lib/libpam.2.dylib
0x00000000076a6000 	/usr/lib/libOpenScriptingUtil.dylib
0x00000000076a6000 	/System/Library/Frameworks/CoreServices.framework/Versions/A/Frameworks/FSEvents.framework/Versions/A/FSEvents
0x00000000076a6000 	/System/Library/Frameworks/CoreServices.framework/Versions/A/Frameworks/CarbonCore.framework/Versions/A/CarbonCore
0x00000000076a6000 	/System/Library/Frameworks/CoreServices.framework/Versions/A/Frameworks/Metadata.framework/Versions/A/Metadata
0x00000000076a6000 	/System/Library/Frameworks/CoreServices.framework/Versions/A/Frameworks/OSServices.framework/Versions/A/OSServices
0x00000000076a6000 	/System/Library/Frameworks/CoreServices.framework/Versions/A/Frameworks/SearchKit.framework/Versions/A/SearchKit
0x00000000076a6000 	/System/Library/Frameworks/CoreServices.framework/Versions/A/Frameworks/AE.framework/Versions/A/AE
0x00000000076a6000 	/System/Library/Frameworks/CoreServices.framework/Versions/A/Frameworks/LaunchServices.framework/Versions/A/LaunchServices
0x00000000076a6000 	/System/Library/Frameworks/CoreServices.framework/Versions/A/Frameworks/DictionaryServices.framework/Versions/A/DictionaryServices
0x00000000076a6000 	/System/Library/Frameworks/NetFS.framework/Versions/A/NetFS
0x00000000076a6000 	/System/Library/PrivateFrameworks/NetAuth.framework/Versions/A/NetAuth
0x00000000076a6000 	/System/Library/PrivateFrameworks/login.framework/Versions/A/Frameworks/loginsupport.framework/Versions/A/loginsupport
0x00000000076a6000 	/System/Library/PrivateFrameworks/TCC.framework/Versions/A/TCC
0x00000000076a6000 	/usr/lib/libmecabra.dylib
0x00000000076a6000 	/System/Library/Frameworks/ApplicationServices.framework/Versions/A/Frameworks/ATS.framework/Versions/A/ATS
0x00000000076a6000 	/System/Library/Frameworks/ApplicationServices.framework/Versions/A/Frameworks/ColorSync.framework/Versions/A/ColorSync
0x00000000076a6000 	/System/Library/Frameworks/ApplicationServices.framework/Versions/A/Frameworks/HIServices.framework/Versions/A/HIServices
0x00000000076a6000 	/System/Library/Frameworks/ApplicationServices.framework/Versions/A/Frameworks/LangAnalysis.framework/Versions/A/LangAnalysis
0x00000000076a6000 	/System/Library/Frameworks/ApplicationServices.framework/Versions/A/Frameworks/PrintCore.framework/Versions/A/PrintCore
0x00000000076a6000 	/System/Library/Frameworks/ApplicationServices.framework/Versions/A/Frameworks/QD.framework/Versions/A/QD
0x00000000076a6000 	/System/Library/Frameworks/ApplicationServices.framework/Versions/A/Frameworks/SpeechSynthesis.framework/Versions/A/SpeechSynthesis
0x00000000076a6000 	/System/Library/Frameworks/Accelerate.framework/Versions/A/Accelerate
0x00000000076a6000 	/System/Library/Frameworks/Accelerate.framework/Versions/A/Frameworks/vImage.framework/Versions/A/vImage
0x00000000076a6000 	/System/Library/Frameworks/Accelerate.framework/Versions/A/Frameworks/vecLib.framework/Versions/A/vecLib
0x00000000076a6000 	/System/Library/Frameworks/Accelerate.framework/Versions/A/Frameworks/vecLib.framework/Versions/A/libvDSP.dylib
0x00000000076a6000 	/System/Library/Frameworks/Accelerate.framework/Versions/A/Frameworks/vecLib.framework/Versions/A/libvMisc.dylib
0x00000000076a6000 	/System/Library/Frameworks/Accelerate.framework/Versions/A/Frameworks/vecLib.framework/Versions/A/libLAPACK.dylib
0x00000000076a6000 	/System/Library/Frameworks/Accelerate.framework/Versions/A/Frameworks/vecLib.framework/Versions/A/libBLAS.dylib
0x00000000076a6000 	/System/Library/Frameworks/Accelerate.framework/Versions/A/Frameworks/vecLib.framework/Versions/A/libLinearAlgebra.dylib
0x00000000076a6000 	/System/Library/Frameworks/ApplicationServices.framework/Versions/A/Frameworks/ATS.framework/Versions/A/Resources/libFontParser.dylib
0x00000000076a6000 	/System/Library/Frameworks/ApplicationServices.framework/Versions/A/Frameworks/ATS.framework/Versions/A/Resources/libFontRegistry.dylib
0x00000000076a6000 	/System/Library/PrivateFrameworks/AppleVPA.framework/Versions/A/AppleVPA
0x00000000076a6000 	/System/Library/PrivateFrameworks/AppleJPEG.framework/Versions/A/AppleJPEG
0x00000000076a6000 	/System/Library/Frameworks/ImageIO.framework/Versions/A/Resources/libJPEG.dylib
0x00000000076a6000 	/System/Library/Frameworks/ImageIO.framework/Versions/A/Resources/libTIFF.dylib
0x00000000076a6000 	/System/Library/Frameworks/ImageIO.framework/Versions/A/Resources/libPng.dylib
0x00000000076a6000 	/System/Library/Frameworks/ImageIO.framework/Versions/A/Resources/libGIF.dylib
0x00000000076a6000 	/System/Library/Frameworks/ImageIO.framework/Versions/A/Resources/libJP2.dylib
0x00000000076a6000 	/System/Library/Frameworks/ImageIO.framework/Versions/A/Resources/libRadiance.dylib
0x00000000076a6000 	/System/Library/Frameworks/CoreVideo.framework/Versions/A/CoreVideo
0x00000000076a6000 	/System/Library/Frameworks/OpenGL.framework/Versions/A/Libraries/libGLU.dylib
0x00000000076a6000 	/System/Library/Frameworks/OpenGL.framework/Versions/A/Libraries/libGFXShared.dylib
0x00000000076a6000 	/System/Library/Frameworks/OpenGL.framework/Versions/A/Libraries/libGL.dylib
0x00000000076a6000 	/System/Library/Frameworks/OpenGL.framework/Versions/A/Libraries/libGLImage.dylib
0x00000000076a6000 	/System/Library/Frameworks/OpenGL.framework/Versions/A/Libraries/libCVMSPluginSupport.dylib
0x00000000076a6000 	/System/Library/Frameworks/OpenGL.framework/Versions/A/Libraries/libCoreVMClient.dylib
0x00000000076a6000 	/usr/lib/libcups.2.dylib
0x00000000076a6000 	/System/Library/Frameworks/Kerberos.framework/Versions/A/Kerberos
0x00000000076a6000 	/System/Library/Frameworks/GSS.framework/Versions/A/GSS
0x00000000076a6000 	/usr/lib/libresolv.9.dylib
0x00000000076a6000 	/usr/lib/libiconv.2.dylib
0x00000000076a6000 	/System/Library/PrivateFrameworks/Heimdal.framework/Versions/A/Heimdal
0x00000000076a6000 	/usr/lib/libheimdal-asn1.dylib
0x00000000076a6000 	/System/Library/Frameworks/OpenDirectory.framework/Versions/A/OpenDirectory
0x00000000076a6000 	/System/Library/PrivateFrameworks/CommonAuth.framework/Versions/A/CommonAuth
0x00000000076a6000 	/System/Library/Frameworks/OpenDirectory.framework/Versions/A/Frameworks/CFOpenDirectory.framework/Versions/A/CFOpenDirectory
0x00000000076a6000 	/System/Library/Frameworks/SecurityFoundation.framework/Versions/A/SecurityFoundation
0x00000000076a6000 	/System/Library/PrivateFrameworks/LanguageModeling.framework/Versions/A/LanguageModeling
0x00000000076a6000 	/usr/lib/libcmph.dylib
0x00000000076a6000 	/System/Library/Frameworks/ServiceManagement.framework/Versions/A/ServiceManagement
0x00000000076a6000 	/usr/lib/libxslt.1.dylib
0x00000000076a6000 	/System/Library/Frameworks/Carbon.framework/Versions/A/Frameworks/Ink.framework/Versions/A/Ink
0x00000000076a6000 	/System/Library/Frameworks/QuartzCore.framework/Versions/A/Frameworks/CoreImage.framework/Versions/A/CoreImage
0x00000000076a6000 	/System/Library/PrivateFrameworks/CrashReporterSupport.framework/Versions/A/CrashReporterSupport
0x00000000076a6000 	/System/Library/Frameworks/OpenCL.framework/Versions/A/OpenCL
0x00000000076a6000 	/System/Library/PrivateFrameworks/FaceCore.framework/Versions/A/FaceCore
0x00000000076a6000 	/System/Library/PrivateFrameworks/Ubiquity.framework/Versions/A/Ubiquity
0x00000000076a6000 	/System/Library/PrivateFrameworks/IconServices.framework/Versions/A/IconServices
0x00000000076a6000 	/System/Library/PrivateFrameworks/ChunkingLibrary.framework/Versions/A/ChunkingLibrary
0x00000000076a6000 	/System/Library/PrivateFrameworks/Apple80211.framework/Versions/A/Apple80211
0x00000000076a6000 	/System/Library/Frameworks/CoreWLAN.framework/Versions/A/CoreWLAN
0x00000000076a6000 	/System/Library/Frameworks/IOBluetooth.framework/Versions/A/IOBluetooth
0x00000000076a6000 	/System/Library/PrivateFrameworks/CoreWiFi.framework/Versions/A/CoreWiFi
0x00000000076a6000 	/System/Library/Frameworks/CoreBluetooth.framework/Versions/A/CoreBluetooth
0x00000000076a6000 	/System/Library/PrivateFrameworks/DebugSymbols.framework/Versions/A/DebugSymbols
0x00000000076a6000 	/System/Library/PrivateFrameworks/CoreSymbolication.framework/Versions/A/CoreSymbolication
0x00000000076a6000 	/System/Library/PrivateFrameworks/Symbolication.framework/Versions/A/Symbolication
0x00000000076a6000 	/System/Library/PrivateFrameworks/SpeechRecognitionCore.framework/Versions/A/SpeechRecognitionCore
0x000000010e53d000 	/Library/Java/JavaVirtualMachines/jdk1.8.0_45.jdk/Contents/Home/jre/lib/server/libjvm.dylib
0x00000000076a6000 	/usr/lib/libstdc++.6.dylib
0x000000010f5c0000 	/Library/Java/JavaVirtualMachines/jdk1.8.0_45.jdk/Contents/Home/jre/lib/libverify.dylib
0x000000010fe00000 	/Library/Java/JavaVirtualMachines/jdk1.8.0_45.jdk/Contents/Home/jre/lib/libjava.dylib
0x000000010f5d8000 	/Library/Java/JavaVirtualMachines/jdk1.8.0_45.jdk/Contents/Home/jre/lib/libzip.dylib
0x000000012392f000 	/System/Library/Frameworks/JavaVM.framework/Frameworks/JavaRuntimeSupport.framework/JavaRuntimeSupport
0x0000000123945000 	/System/Library/Frameworks/JavaVM.framework/Versions/A/Frameworks/JavaNativeFoundation.framework/Versions/A/JavaNativeFoundation
0x0000000123959000 	/System/Library/Frameworks/JavaVM.framework/Versions/A/JavaVM
0x00000000076a6000 	/System/Library/Frameworks/Carbon.framework/Versions/A/Carbon
0x0000000123965000 	/System/Library/PrivateFrameworks/JavaLaunching.framework/Versions/A/JavaLaunching
0x00000000076a6000 	/System/Library/Frameworks/Carbon.framework/Versions/A/Frameworks/CommonPanels.framework/Versions/A/CommonPanels
0x00000000076a6000 	/System/Library/Frameworks/Carbon.framework/Versions/A/Frameworks/Help.framework/Versions/A/Help
0x00000000076a6000 	/System/Library/Frameworks/Carbon.framework/Versions/A/Frameworks/ImageCapture.framework/Versions/A/ImageCapture
0x00000000076a6000 	/System/Library/Frameworks/Carbon.framework/Versions/A/Frameworks/OpenScripting.framework/Versions/A/OpenScripting
0x00000000076a6000 	/System/Library/Frameworks/Carbon.framework/Versions/A/Frameworks/Print.framework/Versions/A/Print
0x00000000076a6000 	/System/Library/Frameworks/Carbon.framework/Versions/A/Frameworks/SecurityHI.framework/Versions/A/SecurityHI
0x00000001258fa000 	/Applications/IntelliJ IDEA 14 CE.app/Contents/bin/libbreakgen64.jnilib
0x0000000125a96000 	/Library/Java/JavaVirtualMachines/jdk1.8.0_45.jdk/Contents/Home/jre/lib/libnet.dylib
0x0000000125cfb000 	/Library/Java/JavaVirtualMachines/jdk1.8.0_45.jdk/Contents/Home/jre/lib/libprism_es2.dylib
0x0000000125d7d000 	/System/Library/Frameworks/OpenGL.framework/Resources/GLEngine.bundle/GLEngine
0x00000000076a6000 	/System/Library/Frameworks/OpenGL.framework/Versions/A/Libraries/libGLProgrammability.dylib
0x0000000125f68000 	/System/Library/Extensions/AppleIntelHD5000GraphicsGLDriver.bundle/Contents/MacOS/AppleIntelHD5000GraphicsGLDriver
0x00000000076a6000 	/System/Library/PrivateFrameworks/IOAccelerator.framework/Versions/A/IOAccelerator
0x00000000076a6000 	/System/Library/PrivateFrameworks/GPUSupport.framework/Versions/A/Libraries/libGPUSupportMercury.dylib
0x0000000126654000 	/System/Library/Frameworks/OpenGL.framework/Resources//GLRendererFloat.bundle/GLRendererFloat
0x00000000076a6000 	/System/Library/Frameworks/OpenCL.framework/Versions/A/Libraries/libcldcpuengine.dylib
0x00000000076a6000 	/System/Library/PrivateFrameworks/DiskImages.framework/Versions/A/DiskImages
0x00000000076a6000 	/System/Library/Frameworks/DiscRecording.framework/Versions/A/DiscRecording
0x00000000076a6000 	/usr/lib/libcsfde.dylib
0x00000000076a6000 	/usr/lib/libcurl.4.dylib
0x00000000076a6000 	/System/Library/PrivateFrameworks/MediaKit.framework/Versions/A/MediaKit
0x00000000076a6000 	/System/Library/PrivateFrameworks/ProtectedCloudStorage.framework/Versions/A/ProtectedCloudStorage
0x00000000076a6000 	/usr/lib/libCoreStorage.dylib
0x00000000076a6000 	/System/Library/PrivateFrameworks/EFILogin.framework/Versions/A/EFILogin
0x00000000076a6000 	/usr/lib/libutil.dylib
0x00000000076a6000 	/System/Library/PrivateFrameworks/FindMyDevice.framework/Versions/A/FindMyDevice
0x00000000076a6000 	/System/Library/Frameworks/LDAP.framework/Versions/A/LDAP
0x00000000076a6000 	/usr/lib/libsasl2.2.dylib
0x00000000076a6000 	/System/Library/PrivateFrameworks/CoreDaemon.framework/Versions/B/CoreDaemon
0x00000000076a6000 	/usr/lib/libcrypto.0.9.8.dylib
0x00000000076a6000 	/System/Library/PrivateFrameworks/AppleSRP.framework/Versions/A/AppleSRP
0x00000000076a6000 	/System/Library/PrivateFrameworks/TrustEvaluationAgent.framework/Versions/A/TrustEvaluationAgent
0x0000000126b35000 	/Library/Java/JavaVirtualMachines/jdk1.8.0_45.jdk/Contents/Home/jre/lib/libglass.dylib
0x00000000076a6000 	/System/Library/PrivateFrameworks/CoreServicesInternal.framework/Versions/A/CoreServicesInternal
0x00000000076a6000 	/System/Library/PrivateFrameworks/CloudDocs.framework/Versions/A/CloudDocs
0x00000000076a6000 	/System/Library/PrivateFrameworks/CoreDuet.framework/Versions/A/CoreDuet
0x00000000076a6000 	/System/Library/Frameworks/CloudKit.framework/Versions/A/CloudKit
0x00000000076a6000 	/System/Library/PrivateFrameworks/ProtocolBuffer.framework/Versions/A/ProtocolBuffer
0x00000000076a6000 	/System/Library/PrivateFrameworks/CoreDuetDaemonProtocol.framework/Versions/A/CoreDuetDaemonProtocol
0x00000000076a6000 	/System/Library/PrivateFrameworks/CoreDuetDebugLogging.framework/Versions/A/CoreDuetDebugLogging
0x00000000076a6000 	/System/Library/PrivateFrameworks/MMCS.framework/Versions/A/MMCS
0x00000000076a6000 	/System/Library/Frameworks/CoreLocation.framework/Versions/A/CoreLocation
0x00000000076a6000 	/System/Library/PrivateFrameworks/GeoServices.framework/Versions/A/GeoServices
0x0000000128493000 	/System/Library/Frameworks/CoreGraphics.framework/Versions/A/Resources/libCGCMS.A.dylib
0x00000000076a6000 	/System/Library/CoreServices/RawCamera.bundle/Contents/MacOS/RawCamera
0x00000001285c6000 	/System/Library/Frameworks/CoreGraphics.framework/Versions/A/Resources/libRIP.A.dylib
0x00000000076a6000 	/System/Library/PrivateFrameworks/FamilyControls.framework/Versions/A/FamilyControls
0x00000000076a6000 	/System/Library/PrivateFrameworks/CommerceKit.framework/Versions/A/Frameworks/CommerceCore.framework/Versions/A/CommerceCore
0x00000000076a6000 	/System/Library/PrivateFrameworks/SystemAdministration.framework/Versions/A/SystemAdministration
0x00000000076a6000 	/System/Library/PrivateFrameworks/AppContainer.framework/Versions/A/AppContainer
0x00000000076a6000 	/System/Library/PrivateFrameworks/SecCodeWrapper.framework/Versions/A/SecCodeWrapper
0x00000000076a6000 	/System/Library/Frameworks/DirectoryService.framework/Versions/A/DirectoryService
0x00000000076a6000 	/System/Library/PrivateFrameworks/LoginUIKit.framework/Versions/A/Frameworks/LoginUICore.framework/Versions/A/LoginUICore
0x00000000076a6000 	/usr/lib/libodfde.dylib
0x000000012a8ae000 	/Library/Java/JavaVirtualMachines/jdk1.8.0_45.jdk/Contents/Home/jre/lib/libjavafx_font.dylib
0x000000012a911000 	/Library/Java/JavaVirtualMachines/jdk1.8.0_45.jdk/Contents/Home/jre/lib/libawt.dylib
0x000000012a9b9000 	/Library/Java/JavaVirtualMachines/jdk1.8.0_45.jdk/Contents/Home/jre/lib/./libmlib_image.dylib
0x000000012aa85000 	/Library/Java/JavaVirtualMachines/jdk1.8.0_45.jdk/Contents/Home/jre/lib/libawt_lwawt.dylib
0x000000012ab39000 	/Library/Java/JavaVirtualMachines/jdk1.8.0_45.jdk/Contents/Home/jre/lib/./libosxapp.dylib
0x00000000076a6000 	/System/Library/Frameworks/ExceptionHandling.framework/Versions/A/ExceptionHandling
0x000000012ab93000 	/Library/Java/JavaVirtualMachines/jdk1.8.0_45.jdk/Contents/Home/jre/lib/libfontmanager.dylib
0x000000012ac60000 	/Library/Java/JavaVirtualMachines/jdk1.8.0_45.jdk/Contents/Home/jre/lib/libosxui.dylib
0x000000012c12d000 	/System/Library/Frameworks/CoreGraphics.framework/Versions/A/Resources/libCGXType.A.dylib
0x000000012a49c000 	cl_kernels
0x000000012e0ec000 	/System/Library/Frameworks/OpenCL.framework/Versions/A/Libraries/ImageFormats/unorm8_bgra.dylib
0x000000012a3fa000 	/Library/Java/JavaVirtualMachines/jdk1.8.0_45.jdk/Contents/Home/jre/lib/libprism_common.dylib
0x000000012a493000 	cl_kernels
0x00000001239fb000 	/Library/Java/JavaVirtualMachines/jdk1.8.0_45.jdk/Contents/Home/jre/lib/libsunec.dylib
0x00000001239ef000 	cl_kernels

VM Arguments:
jvm_args: -Didea.launcher.port=7545 -Didea.launcher.bin.path=/Applications/IntelliJ IDEA 14 CE.app/Contents/bin -Dfile.encoding=UTF-8 
java_command: com.intellij.rt.execution.application.AppMain Hound.Main
java_class_path (initial): /Library/Java/JavaVirtualMachines/jdk1.8.0_45.jdk/Contents/Home/lib/ant-javafx.jar:/Library/Java/JavaVirtualMachines/jdk1.8.0_45.jdk/Contents/Home/lib/dt.jar:/Library/Java/JavaVirtualMachines/jdk1.8.0_45.jdk/Contents/Home/lib/javafx-mx.jar:/Library/Java/JavaVirtualMachines/jdk1.8.0_45.jdk/Contents/Home/lib/jconsole.jar:/Library/Java/JavaVirtualMachines/jdk1.8.0_45.jdk/Contents/Home/lib/packager.jar:/Library/Java/JavaVirtualMachines/jdk1.8.0_45.jdk/Contents/Home/lib/sa-jdi.jar:/Library/Java/JavaVirtualMachines/jdk1.8.0_45.jdk/Contents/Home/lib/tools.jar:/Library/Java/JavaVirtualMachines/jdk1.8.0_45.jdk/Contents/Home/jre/lib/charsets.jar:/Library/Java/JavaVirtualMachines/jdk1.8.0_45.jdk/Contents/Home/jre/lib/deploy.jar:/Library/Java/JavaVirtualMachines/jdk1.8.0_45.jdk/Contents/Home/jre/lib/javaws.jar:/Library/Java/JavaVirtualMachines/jdk1.8.0_45.jdk/Contents/Home/jre/lib/jce.jar:/Library/Java/JavaVirtualMachines/jdk1.8.0_45.jdk/Contents/Home/jre/lib/jfr.jar:/Library/Java/JavaVirtualMachines/jdk1.8.0_45.jdk/Contents/Home/jre/lib/jfxswt.jar:/Library/Java/JavaVirtualMachines/jdk1.8.0_45.jdk/Contents/Home/jre/lib/jsse.jar:/Library/Java/JavaVirtualMachines/jdk1.8.0_45.jdk/Contents/Home/jre/lib/management-agent.jar:/Library/Java/JavaVirtualMachines/jdk1.8.0_45.jdk/Contents/Home/jre/lib/plugin.jar:/Library/Java/JavaVirtualMachines/jdk1.8.0_45.jdk/Contents/Home/jre/lib/resources.jar:/Library/Java/JavaVirtualMachines/jdk1.8.0_45.jdk/Contents/Home/jre/lib/rt.jar:/Library/Java/JavaVirtualMachines/jdk1.8.0_45.jdk/Contents/Home/jre/lib/ext/cldrdata.jar:/Library/Java/JavaVirtualMachines/jdk1.8.0_45.jdk/Contents/Home/jre/lib/ext/dnsns.jar:/Library/Java/JavaVirtualMachines/jdk1.8.0_45.jdk/Contents/Home/jre/lib/ext/jfxrt.jar:/Library/Java/JavaVirtualMachines/jdk1.8.0_45.jdk/Contents/Home/jre/lib/ext/localedata.jar:/Library/Java/JavaVirtualMachines/jdk1.8.0_45.jdk/Contents/Home/jre/lib/ext/nashorn.jar:/Library/Java/JavaVirtualMachines/jdk1.8.0_45.jdk/Conten
Launcher Type: SUN_STANDARD

Environment Variables:
PATH=/Library/Frameworks/Python.framework/Versions/2.7/bin:/usr/local/bin:/usr/bin:/bin:/usr/sbin:/sbin:/opt/X11/bin
SHELL=/bin/bash
DISPLAY=/private/tmp/com.apple.launchd.dwI1Sw0vjz/org.macosforge.xquartz:0

Signal Handlers:
SIGSEGV: [libjvm.dylib+0x58ef95], sa_mask[0]=11111111011111110111111111111111, sa_flags=SA_ONSTACK|SA_RESTART|SA_SIGINFO
SIGBUS: [libjvm.dylib+0x58ef95], sa_mask[0]=11111111011111110111111111111111, sa_flags=SA_RESTART|SA_SIGINFO
SIGFPE: [libjvm.dylib+0x46c108], sa_mask[0]=11111111011111110111111111111111, sa_flags=SA_RESTART|SA_SIGINFO
SIGPIPE: [libjvm.dylib+0x46c108], sa_mask[0]=11111111011111110111111111111111, sa_flags=SA_RESTART|SA_SIGINFO
SIGXFSZ: [libjvm.dylib+0x46c108], sa_mask[0]=11111111011111110111111111111111, sa_flags=SA_RESTART|SA_SIGINFO
SIGILL: [libjvm.dylib+0x46c108], sa_mask[0]=11111111011111110111111111111111, sa_flags=SA_RESTART|SA_SIGINFO
SIGUSR1: SIG_DFL, sa_mask[0]=00000000000000000000000000000000, sa_flags=none
SIGUSR2: [libjvm.dylib+0x46bc26], sa_mask[0]=00100000000000000000000000000000, sa_flags=SA_RESTART|SA_SIGINFO
SIGHUP: [libjvm.dylib+0x46a1f9], sa_mask[0]=11111111011111110111111111111111, sa_flags=SA_RESTART|SA_SIGINFO
SIGINT: [libjvm.dylib+0x46a1f9], sa_mask[0]=11111111011111110111111111111111, sa_flags=SA_RESTART|SA_SIGINFO
SIGTERM: [libjvm.dylib+0x46a1f9], sa_mask[0]=11111111011111110111111111111111, sa_flags=SA_RESTART|SA_SIGINFO
SIGQUIT: [libjvm.dylib+0x46a1f9], sa_mask[0]=11111111011111110111111111111111, sa_flags=SA_RESTART|SA_SIGINFO


---------------  S Y S T E M  ---------------

OS:Bsduname:Darwin 14.5.0 Darwin Kernel Version 14.5.0: Wed Jul 29 02:26:53 PDT 2015; root:xnu-2782.40.9~1/RELEASE_X86_64 x86_64
rlimit: STACK 8192k, CORE 0k, NPROC 709, NOFILE 10240, AS infinity
load average:1.19 1.40 1.44

CPU:total 4 (2 cores per cpu, 2 threads per core) family 6 model 69 stepping 1, cmov, cx8, fxsr, mmx, sse, sse2, sse3, ssse3, sse4.1, sse4.2, popcnt, avx, avx2, aes, clmul, erms, lzcnt, ht, tsc, tscinvbit, bmi1, bmi2

Memory: 4k page, physical 4194304k(30380k free)

/proc/meminfo:


vm_info: Java HotSpot(TM) 64-Bit Server VM (25.45-b02) for bsd-amd64 JRE (1.8.0_45-b14), built on Apr 10 2015 10:46:38 by "java_re" with gcc 4.2.1 (Based on Apple Inc. build 5658) (LLVM build 2336.11.00)

time: Fri Feb 12 13:08:39 2016
elapsed time: 30358 seconds (0d 8h 25m 58s)

